<!DOCTYPE html PUBLIC "-//W3C//DTD XHTML 1.1//EN" "https://www.w3.org/TR/xhtml11/DTD/xhtml11.dtd">
<html xmlns="https://www.w3.org/1999/xhtml">
<head>
<meta http-equiv="content-type" content="text/html; charset=UTF-8"/>
<title>TestNG Report</title>
<style type="text/css">table {margin-bottom:10px;border-collapse:collapse;empty-cells:show}th,td {border:1px solid #009;padding:.25em .5em}th {vertical-align:bottom}td {vertical-align:top}table a {font-weight:bold}.stripe td {background-color: #E6EBF9}.num {text-align:right}.passedodd td {background-color: #3F3}.passedeven td {background-color: #0A0}.skippedodd td {background-color: #DDD}.skippedeven td {background-color: #CCC}.failedodd td,.attn {background-color: #F33}.failedeven td,.stripe .attn {background-color: #D00}.stacktrace {white-space:pre;font-family:monospace}.totop {font-size:85%;text-align:center;border-bottom:2px solid #000}.invisible {display:none}</style>
</head>
<body>
<table>
<tr><th>Test</th><th># Passed</th><th># Skipped</th><th># Retried</th><th># Failed</th><th>Time (ms)</th><th>Included Groups</th><th>Excluded Groups</th></tr>
<tr><th colspan="8">Suite</th></tr>
<tr><td><a href="#t0">Test</a></td><td class="num">11</td><td class="num">0</td><td class="num">0</td><td class="num attn">4</td><td class="num">80,026</td><td></td><td></td></tr>
</table>
<table id='summary'><thead><tr><th>Class</th><th>Method</th><th>Start</th><th>Time (ms)</th></tr></thead><tbody><tr><th colspan="4">Suite</th></tr></tbody><tbody id="t0"><tr><th colspan="4">Test &#8212; failed</th></tr><tr class="failedeven"><td rowspan="1">tutorialsNinja.TestCases.AddToCartTest</td><td><a href="#m0">validateCompleteCheckoutWithValidProductPositiveFlow</a></td><td rowspan="1">1723571305232</td><td rowspan="1">105</td></tr><tr class="failedodd"><td rowspan="1">tutorialsNinja.TestCases.LoginTest</td><td><a href="#m1">verifyLoginWithValidCredentials</a></td><td rowspan="1">1723571305601</td><td rowspan="1">0</td></tr><tr class="failedeven"><td rowspan="1">tutorialsNinja.TestCases.RegisterTest</td><td><a href="#m2">verifyRegisterWithMandatoryDetails</a></td><td rowspan="1">1723571250096</td><td rowspan="1">0</td></tr><tr class="failedodd"><td rowspan="1">tutorialsNinja.TestCases.SearchProductTest</td><td><a href="#m3">verifySearchInvalidProduct</a></td><td rowspan="1">1723571289228</td><td rowspan="1">581</td></tr><tr><th colspan="4">Test &#8212; passed</th></tr><tr class="passedeven"><td rowspan="1">tutorialsNinja.TestCases.AddToCartTest</td><td><a href="#m4">validatingValidProduct</a></td><td rowspan="1">1723571299666</td><td rowspan="1">42</td></tr><tr class="passedodd"><td rowspan="4">tutorialsNinja.TestCases.LoginTest</td><td><a href="#m5">verifyLoginWithInvalidCredentials</a></td><td rowspan="1">1723571323039</td><td rowspan="1">1116</td></tr><tr class="passedodd"><td><a href="#m6">verifyLoginWithInvalidEmailValidPassword</a></td><td rowspan="1">1723571316018</td><td rowspan="1">1184</td></tr><tr class="passedodd"><td><a href="#m7">verifyLoginWithNoCredentials</a></td><td rowspan="1">1723571328831</td><td rowspan="1">1004</td></tr><tr class="passedodd"><td><a href="#m8">verifyLoginWithValidEmailInvalidPassword</a></td><td rowspan="1">1723571309974</td><td rowspan="1">1060</td></tr><tr class="passedeven"><td rowspan="4">tutorialsNinja.TestCases.RegisterTest</td><td><a href="#m9">verifyRegisterWithAllDetails</a></td><td rowspan="1">1723571257006</td><td rowspan="1">2017</td></tr><tr class="passedeven"><td><a href="#m10">verifyRegisterWithExistingEmail</a></td><td rowspan="1">1723571264487</td><td rowspan="1">1613</td></tr><tr class="passedeven"><td><a href="#m11">verifyRegisterWithNoDetails</a></td><td rowspan="1">1723571278824</td><td rowspan="1">728</td></tr><tr class="passedeven"><td><a href="#m12">verifyRegisterWithWrongConfirmPassword</a></td><td rowspan="1">1723571271458</td><td rowspan="1">1575</td></tr><tr class="passedodd"><td rowspan="2">tutorialsNinja.TestCases.SearchProductTest</td><td><a href="#m13">verifySearchNoProduct</a></td><td rowspan="1">1723571294146</td><td rowspan="1">472</td></tr><tr class="passedodd"><td><a href="#m14">verifySearchValidProduct</a></td><td rowspan="1">1723571284064</td><td rowspan="1">838</td></tr></tbody>
</table>
<h2>Test</h2><h3 id="m0">tutorialsNinja.TestCases.AddToCartTest#validateCompleteCheckoutWithValidProductPositiveFlow</h3><table class="result"><tr><th>Exception</th></tr><tr><td><div class="stacktrace">org.openqa.selenium.NoSuchElementException: no such element: Unable to locate element: {&quot;method&quot;:&quot;xpath&quot;,&quot;selector&quot;:&quot;//h2[text() = &apos;$122.00&apos;]&quot;}
  (Session info: chrome=127.0.6533.73)
For documentation on this error, please visit: https://www.selenium.dev/documentation/webdriver/troubleshooting/errors#no-such-element-exception
Build info: version: &apos;4.20.0&apos;, revision: &apos;866c76ca80&apos;
System info: os.name: &apos;Windows 11&apos;, os.arch: &apos;amd64&apos;, os.version: &apos;10.0&apos;, java.version: &apos;17.0.10&apos;
Driver info: org.openqa.selenium.chrome.ChromeDriver
Command: [b85d481e61b5d66b55e927d01c5162fe, findElement {value=//h2[text() = &apos;$122.00&apos;], using=xpath}]
Capabilities {acceptInsecureCerts: false, browserName: chrome, browserVersion: 127.0.6533.73, chrome: {chromedriverVersion: 127.0.6533.99 (f31af5097d90..., userDataDir: C:\Users\mezia\AppData\Loca...}, fedcm:accounts: true, goog:chromeOptions: {debuggerAddress: localhost:63198}, networkConnectionEnabled: false, pageLoadStrategy: normal, platformName: windows, proxy: Proxy(), se:cdp: ws://localhost:63198/devtoo..., se:cdpVersion: 127.0.6533.73, setWindowRect: true, strictFileInteractability: false, timeouts: {implicit: 0, pageLoad: 300000, script: 30000}, unhandledPromptBehavior: dismiss and notify, webauthn:extension:credBlob: true, webauthn:extension:largeBlob: true, webauthn:extension:minPinLength: true, webauthn:extension:prf: true, webauthn:virtualAuthenticators: true}
Session ID: b85d481e61b5d66b55e927d01c5162fe
	at org.openqa.selenium.remote.ErrorCodec.decode(ErrorCodec.java:167)
	at org.openqa.selenium.remote.codec.w3c.W3CHttpResponseCodec.decode(W3CHttpResponseCodec.java:138)
	at org.openqa.selenium.remote.codec.w3c.W3CHttpResponseCodec.decode(W3CHttpResponseCodec.java:50)
	at org.openqa.selenium.remote.HttpCommandExecutor.execute(HttpCommandExecutor.java:190)
	at org.openqa.selenium.remote.service.DriverCommandExecutor.invokeExecute(DriverCommandExecutor.java:216)
	at org.openqa.selenium.remote.service.DriverCommandExecutor.execute(DriverCommandExecutor.java:174)
	at org.openqa.selenium.remote.RemoteWebDriver.execute(RemoteWebDriver.java:518)
	at org.openqa.selenium.remote.ElementLocation$ElementFinder$2.findElement(ElementLocation.java:165)
	at org.openqa.selenium.remote.ElementLocation.findElement(ElementLocation.java:59)
	at org.openqa.selenium.remote.RemoteWebDriver.findElement(RemoteWebDriver.java:355)
	at org.openqa.selenium.remote.RemoteWebDriver.findElement(RemoteWebDriver.java:349)
	at org.openqa.selenium.support.pagefactory.DefaultElementLocator.findElement(DefaultElementLocator.java:68)
	at org.openqa.selenium.support.pagefactory.internal.LocatingElementHandler.invoke(LocatingElementHandler.java:38)
	at jdk.proxy2/jdk.proxy2.$Proxy15.isDisplayed(Unknown Source)
	at tutorialsNinja.Pages.AddToCartPage.displayStatusOfLaptopPrice(AddToCartPage.java:24)
	at tutorialsNinja.TestCases.AddToCartTest.validateCompleteCheckoutWithValidProductPositiveFlow(AddToCartTest.java:41)
	at java.base/java.util.ArrayList.forEach(ArrayList.java:1511)
... Removed 32 stack frames</div></td></tr></table><p class="totop"><a href="#summary">back to summary</a></p>
<h3 id="m1">tutorialsNinja.TestCases.LoginTest#verifyLoginWithValidCredentials</h3><table class="result"><tr><th>Exception</th></tr><tr><td><div class="stacktrace">org.testng.TestNGException: 
Cannot inject @Test annotated Method [verifyLoginWithValidCredentials] with [class java.lang.String, class java.lang.String].
For more information on native dependency injection please refer to https://testng.org/doc/documentation-main.html#native-dependency-injection
	at java.base/java.util.ArrayList.forEach(ArrayList.java:1511)
... Removed 26 stack frames</div></td></tr></table><p class="totop"><a href="#summary">back to summary</a></p>
<h3 id="m2">tutorialsNinja.TestCases.RegisterTest#verifyRegisterWithMandatoryDetails</h3><table class="result"><tr><th>Exception</th></tr><tr><td><div class="stacktrace">java.lang.RuntimeException: java.io.FileNotFoundException: C:\Users\mezia\eclipse-workspace\FRAMEWORK_Design_BDD_Cucumber\src\test\java\com\tutorialsNinja\TestData\ExcelData.xlsx (The system cannot find the path specified)
	at java.base/java.util.ArrayList.forEach(ArrayList.java:1511)
Caused by: java.io.FileNotFoundException: C:\Users\mezia\eclipse-workspace\FRAMEWORK_Design_BDD_Cucumber\src\test\java\com\tutorialsNinja\TestData\ExcelData.xlsx (The system cannot find the path specified)
	at java.base/java.io.FileInputStream.open0(Native Method)
	at java.base/java.io.FileInputStream.open(FileInputStream.java:216)
	at java.base/java.io.FileInputStream.&lt;init&gt;(FileInputStream.java:157)
	at java.base/java.io.FileInputStream.&lt;init&gt;(FileInputStream.java:111)
	at tutorialsNinja.TestData.ExcelCode.readFromExcelSheetTNRegister(ExcelCode.java:71)
	at tutorialsNinja.TestData.ExcelCode.getTNExcelRegisterData(ExcelCode.java:65)
	... 25 more
... Removed 32 stack frames</div></td></tr></table><p class="totop"><a href="#summary">back to summary</a></p>
<h3 id="m3">tutorialsNinja.TestCases.SearchProductTest#verifySearchInvalidProduct</h3><table class="result"><tr><th>Exception</th></tr><tr><td><div class="stacktrace">java.lang.AssertionError: expected [false] but found [true]
	at tutorialsNinja.TestCases.SearchProductTest.verifySearchInvalidProduct(SearchProductTest.java:39)
	at java.base/java.util.ArrayList.forEach(ArrayList.java:1511)
... Removed 31 stack frames</div></td></tr></table><p class="totop"><a href="#summary">back to summary</a></p>
<h3 id="m4">tutorialsNinja.TestCases.AddToCartTest#validatingValidProduct</h3><table class="result"><tr><th class="invisible"/></tr></table><p class="totop"><a href="#summary">back to summary</a></p>
<h3 id="m5">tutorialsNinja.TestCases.LoginTest#verifyLoginWithInvalidCredentials</h3><table class="result"><tr><th class="invisible"/></tr></table><p class="totop"><a href="#summary">back to summary</a></p>
<h3 id="m6">tutorialsNinja.TestCases.LoginTest#verifyLoginWithInvalidEmailValidPassword</h3><table class="result"><tr><th class="invisible"/></tr></table><p class="totop"><a href="#summary">back to summary</a></p>
<h3 id="m7">tutorialsNinja.TestCases.LoginTest#verifyLoginWithNoCredentials</h3><table class="result"><tr><th class="invisible"/></tr></table><p class="totop"><a href="#summary">back to summary</a></p>
<h3 id="m8">tutorialsNinja.TestCases.LoginTest#verifyLoginWithValidEmailInvalidPassword</h3><table class="result"><tr><th class="invisible"/></tr></table><p class="totop"><a href="#summary">back to summary</a></p>
<h3 id="m9">tutorialsNinja.TestCases.RegisterTest#verifyRegisterWithAllDetails</h3><table class="result"><tr><th class="invisible"/></tr></table><p class="totop"><a href="#summary">back to summary</a></p>
<h3 id="m10">tutorialsNinja.TestCases.RegisterTest#verifyRegisterWithExistingEmail</h3><table class="result"><tr><th class="invisible"/></tr></table><p class="totop"><a href="#summary">back to summary</a></p>
<h3 id="m11">tutorialsNinja.TestCases.RegisterTest#verifyRegisterWithNoDetails</h3><table class="result"><tr><th class="invisible"/></tr></table><p class="totop"><a href="#summary">back to summary</a></p>
<h3 id="m12">tutorialsNinja.TestCases.RegisterTest#verifyRegisterWithWrongConfirmPassword</h3><table class="result"><tr><th class="invisible"/></tr></table><p class="totop"><a href="#summary">back to summary</a></p>
<h3 id="m13">tutorialsNinja.TestCases.SearchProductTest#verifySearchNoProduct</h3><table class="result"><tr><th class="invisible"/></tr></table><p class="totop"><a href="#summary">back to summary</a></p>
<h3 id="m14">tutorialsNinja.TestCases.SearchProductTest#verifySearchValidProduct</h3><table class="result"><tr><th class="invisible"/></tr></table><p class="totop"><a href="#summary">back to summary</a></p>
</body>
</html>
